[2025-01-01 00:08:42:276][background-preinit] [32m INFO[0;39m o.h.validator.internal.util.Version [36mo.h.v.i.u.Version[0;39m [32m<clinit>[0;39m 
 HV000001: Hibernate Validator 8.0.2.Final 
[2025-01-01 00:08:42:294][main] [32m INFO[0;39m c.f.s.SimpleBlogApplicationKt [36mc.f.s.SimpleBlogApplicationKt[0;39m [32mlogStarting[0;39m 
 Starting SimpleBlogApplicationKt using Java 21.0.3 with PID 25960 (/Users/hyeon/developer/kotlinStudy/simple-blog/build/classes/kotlin/main started by hyeon in /Users/hyeon/developer/kotlinStudy/simple-blog) 
[2025-01-01 00:08:42:294][main] [32m INFO[0;39m c.f.s.SimpleBlogApplicationKt [36mc.f.s.SimpleBlogApplicationKt[0;39m [32mlogStartupProfileInfo[0;39m 
 No active profile set, falling back to 1 default profile: "default" 
[2025-01-01 00:08:42:767][main] [32m INFO[0;39m o.s.d.r.c.RepositoryConfigurationDelegate [36mo.s.d.r.c.RepositoryConfigurationDelegate[0;39m [32mregisterRepositoriesIn[0;39m 
 Bootstrapping Spring Data JPA repositories in DEFAULT mode. 
[2025-01-01 00:08:42:831][main] [32m INFO[0;39m o.s.d.r.c.RepositoryConfigurationDelegate [36mo.s.d.r.c.RepositoryConfigurationDelegate[0;39m [32mregisterRepositoriesIn[0;39m 
 Finished Spring Data repository scanning in 60 ms. Found 3 JPA repository interfaces. 
[2025-01-01 00:08:43:1165][main] [32m INFO[0;39m o.s.b.w.e.tomcat.TomcatWebServer [36mo.s.b.w.e.t.TomcatWebServer[0;39m [32minitialize[0;39m 
 Tomcat initialized with port 9000 (http) 
[2025-01-01 00:08:43:1170][main] [32m INFO[0;39m o.a.coyote.http11.Http11NioProtocol [36mo.a.c.h.Http11NioProtocol[0;39m [32mlog[0;39m 
 Initializing ProtocolHandler ["http-nio-9000"] 
[2025-01-01 00:08:43:1171][main] [32m INFO[0;39m o.a.catalina.core.StandardService [36mo.a.c.c.StandardService[0;39m [32mlog[0;39m 
 Starting service [Tomcat] 
[2025-01-01 00:08:43:1171][main] [32m INFO[0;39m o.a.catalina.core.StandardEngine [36mo.a.c.c.StandardEngine[0;39m [32mlog[0;39m 
 Starting Servlet engine: [Apache Tomcat/10.1.34] 
[2025-01-01 00:08:43:1191][main] [32m INFO[0;39m o.a.c.c.C.[Tomcat].[localhost].[/] [36mo.a.c.c.C.[.[.[/][0;39m [32mlog[0;39m 
 Initializing Spring embedded WebApplicationContext 
[2025-01-01 00:08:43:1191][main] [32m INFO[0;39m o.s.b.w.s.c.ServletWebServerApplicationContext [36mo.s.b.w.s.c.ServletWebServerApplicationContext[0;39m [32mprepareWebApplicationContext[0;39m 
 Root WebApplicationContext: initialization completed in 881 ms 
[2025-01-01 00:08:43:1253][main] [31mERROR[0;39m o.s.b.w.e.tomcat.TomcatStarter [36mo.s.b.w.e.t.TomcatStarter[0;39m [32monStartup[0;39m 
 Error starting Tomcat context. Exception: org.springframework.beans.factory.BeanCreationException. Message: Error creating bean with name 'loginFilter' defined in class path resource [com/fcm/simpleblog/config/security/SecurityConfig.class]: authenticationManager must be specified 
[2025-01-01 00:08:43:1262][main] [32m INFO[0;39m o.a.catalina.core.StandardService [36mo.a.c.c.StandardService[0;39m [32mlog[0;39m 
 Stopping service [Tomcat] 
[2025-01-01 00:08:43:1265][main] [33m WARN[0;39m o.s.b.w.s.c.AnnotationConfigServletWebServerApplicationContext [36mo.s.b.w.s.c.AnnotationConfigServletWebServerApplicationContext[0;39m [32mrefresh[0;39m 
 Exception encountered during context initialization - cancelling refresh attempt: org.springframework.context.ApplicationContextException: Unable to start web server 
[2025-01-01 00:08:43:1272][main] [32m INFO[0;39m o.s.b.a.l.ConditionEvaluationReportLogger [36mo.s.b.a.l.ConditionEvaluationReportLogger[0;39m [32mlogMessage[0;39m 
 

Error starting ApplicationContext. To display the condition evaluation report re-run your application with 'debug' enabled. 
[2025-01-01 00:08:43:1279][main] [31mERROR[0;39m o.s.boot.SpringApplication [36mo.s.b.SpringApplication[0;39m [32mreportFailure[0;39m 
 Application run failed 
org.springframework.context.ApplicationContextException: Unable to start web server
	at org.springframework.boot.web.servlet.context.ServletWebServerApplicationContext.onRefresh(ServletWebServerApplicationContext.java:165)
	at org.springframework.context.support.AbstractApplicationContext.refresh(AbstractApplicationContext.java:621)
	at org.springframework.boot.web.servlet.context.ServletWebServerApplicationContext.refresh(ServletWebServerApplicationContext.java:146)
	at org.springframework.boot.SpringApplication.refresh(SpringApplication.java:752)
	at org.springframework.boot.SpringApplication.refreshContext(SpringApplication.java:439)
	at org.springframework.boot.SpringApplication.run(SpringApplication.java:318)
	at org.springframework.boot.SpringApplication.run(SpringApplication.java:1361)
	at org.springframework.boot.SpringApplication.run(SpringApplication.java:1350)
	at com.fcm.simpleblog.SimpleBlogApplicationKt.main(SimpleBlogApplication.kt:20)
Caused by: org.springframework.boot.web.server.WebServerException: Unable to start embedded Tomcat
	at org.springframework.boot.web.embedded.tomcat.TomcatWebServer.initialize(TomcatWebServer.java:147)
	at org.springframework.boot.web.embedded.tomcat.TomcatWebServer.<init>(TomcatWebServer.java:107)
	at org.springframework.boot.web.embedded.tomcat.TomcatServletWebServerFactory.getTomcatWebServer(TomcatServletWebServerFactory.java:516)
	at org.springframework.boot.web.embedded.tomcat.TomcatServletWebServerFactory.getWebServer(TomcatServletWebServerFactory.java:222)
	at org.springframework.boot.web.servlet.context.ServletWebServerApplicationContext.createWebServer(ServletWebServerApplicationContext.java:188)
	at org.springframework.boot.web.servlet.context.ServletWebServerApplicationContext.onRefresh(ServletWebServerApplicationContext.java:162)
	... 8 common frames omitted
Caused by: org.springframework.beans.factory.BeanCreationException: Error creating bean with name 'loginFilter' defined in class path resource [com/fcm/simpleblog/config/security/SecurityConfig.class]: authenticationManager must be specified
	at org.springframework.beans.factory.support.AbstractAutowireCapableBeanFactory.initializeBean(AbstractAutowireCapableBeanFactory.java:1808)
	at org.springframework.beans.factory.support.AbstractAutowireCapableBeanFactory.doCreateBean(AbstractAutowireCapableBeanFactory.java:601)
	at org.springframework.beans.factory.support.AbstractAutowireCapableBeanFactory.createBean(AbstractAutowireCapableBeanFactory.java:523)
	at org.springframework.beans.factory.support.AbstractBeanFactory.lambda$doGetBean$0(AbstractBeanFactory.java:336)
	at org.springframework.beans.factory.support.DefaultSingletonBeanRegistry.getSingleton(DefaultSingletonBeanRegistry.java:289)
	at org.springframework.beans.factory.support.AbstractBeanFactory.doGetBean(AbstractBeanFactory.java:334)
	at org.springframework.beans.factory.support.AbstractBeanFactory.getBean(AbstractBeanFactory.java:204)
	at org.springframework.boot.web.servlet.ServletContextInitializerBeans.getOrderedBeansOfType(ServletContextInitializerBeans.java:211)
	at org.springframework.boot.web.servlet.ServletContextInitializerBeans.addAsRegistrationBean(ServletContextInitializerBeans.java:174)
	at org.springframework.boot.web.servlet.ServletContextInitializerBeans.addAsRegistrationBean(ServletContextInitializerBeans.java:169)
	at org.springframework.boot.web.servlet.ServletContextInitializerBeans.addAdaptableBeans(ServletContextInitializerBeans.java:154)
	at org.springframework.boot.web.servlet.ServletContextInitializerBeans.<init>(ServletContextInitializerBeans.java:87)
	at org.springframework.boot.web.servlet.context.ServletWebServerApplicationContext.getServletContextInitializerBeans(ServletWebServerApplicationContext.java:266)
	at org.springframework.boot.web.servlet.context.ServletWebServerApplicationContext.selfInitialize(ServletWebServerApplicationContext.java:240)
	at org.springframework.boot.web.embedded.tomcat.TomcatStarter.onStartup(TomcatStarter.java:52)
	at org.apache.catalina.core.StandardContext.startInternal(StandardContext.java:4426)
	at org.apache.catalina.util.LifecycleBase.start(LifecycleBase.java:164)
	at org.apache.catalina.core.ContainerBase$StartChild.call(ContainerBase.java:1203)
	at org.apache.catalina.core.ContainerBase$StartChild.call(ContainerBase.java:1193)
	at java.base/java.util.concurrent.FutureTask.run(FutureTask.java:317)
	at org.apache.tomcat.util.threads.InlineExecutorService.execute(InlineExecutorService.java:75)
	at java.base/java.util.concurrent.AbstractExecutorService.submit(AbstractExecutorService.java:145)
	at org.apache.catalina.core.ContainerBase.startInternal(ContainerBase.java:749)
	at org.apache.catalina.core.StandardHost.startInternal(StandardHost.java:772)
	at org.apache.catalina.util.LifecycleBase.start(LifecycleBase.java:164)
	at org.apache.catalina.core.ContainerBase$StartChild.call(ContainerBase.java:1203)
	at org.apache.catalina.core.ContainerBase$StartChild.call(ContainerBase.java:1193)
	at java.base/java.util.concurrent.FutureTask.run(FutureTask.java:317)
	at org.apache.tomcat.util.threads.InlineExecutorService.execute(InlineExecutorService.java:75)
	at java.base/java.util.concurrent.AbstractExecutorService.submit(AbstractExecutorService.java:145)
	at org.apache.catalina.core.ContainerBase.startInternal(ContainerBase.java:749)
	at org.apache.catalina.core.StandardEngine.startInternal(StandardEngine.java:203)
	at org.apache.catalina.util.LifecycleBase.start(LifecycleBase.java:164)
	at org.apache.catalina.core.StandardService.startInternal(StandardService.java:415)
	at org.apache.catalina.util.LifecycleBase.start(LifecycleBase.java:164)
	at org.apache.catalina.core.StandardServer.startInternal(StandardServer.java:870)
	at org.apache.catalina.util.LifecycleBase.start(LifecycleBase.java:164)
	at org.apache.catalina.startup.Tomcat.start(Tomcat.java:437)
	at org.springframework.boot.web.embedded.tomcat.TomcatWebServer.initialize(TomcatWebServer.java:128)
	... 13 common frames omitted
Caused by: java.lang.IllegalArgumentException: authenticationManager must be specified
	at org.springframework.util.Assert.notNull(Assert.java:181)
	at org.springframework.security.web.authentication.AbstractAuthenticationProcessingFilter.afterPropertiesSet(AbstractAuthenticationProcessingFilter.java:191)
	at org.springframework.beans.factory.support.AbstractAutowireCapableBeanFactory.invokeInitMethods(AbstractAutowireCapableBeanFactory.java:1855)
	at org.springframework.beans.factory.support.AbstractAutowireCapableBeanFactory.initializeBean(AbstractAutowireCapableBeanFactory.java:1804)
	... 51 common frames omitted
[2025-01-01 00:14:44:218][background-preinit] [32m INFO[0;39m o.h.validator.internal.util.Version [36mo.h.v.i.u.Version[0;39m [32m<clinit>[0;39m 
 HV000001: Hibernate Validator 8.0.2.Final 
[2025-01-01 00:14:44:233][main] [32m INFO[0;39m c.f.s.SimpleBlogApplicationKt [36mc.f.s.SimpleBlogApplicationKt[0;39m [32mlogStarting[0;39m 
 Starting SimpleBlogApplicationKt using Java 21.0.3 with PID 26079 (/Users/hyeon/developer/kotlinStudy/simple-blog/build/classes/kotlin/main started by hyeon in /Users/hyeon/developer/kotlinStudy/simple-blog) 
[2025-01-01 00:14:44:233][main] [32m INFO[0;39m c.f.s.SimpleBlogApplicationKt [36mc.f.s.SimpleBlogApplicationKt[0;39m [32mlogStartupProfileInfo[0;39m 
 No active profile set, falling back to 1 default profile: "default" 
[2025-01-01 00:14:44:707][main] [32m INFO[0;39m o.s.d.r.c.RepositoryConfigurationDelegate [36mo.s.d.r.c.RepositoryConfigurationDelegate[0;39m [32mregisterRepositoriesIn[0;39m 
 Bootstrapping Spring Data JPA repositories in DEFAULT mode. 
[2025-01-01 00:14:45:771][main] [32m INFO[0;39m o.s.d.r.c.RepositoryConfigurationDelegate [36mo.s.d.r.c.RepositoryConfigurationDelegate[0;39m [32mregisterRepositoriesIn[0;39m 
 Finished Spring Data repository scanning in 60 ms. Found 3 JPA repository interfaces. 
[2025-01-01 00:14:45:1097][main] [32m INFO[0;39m o.s.b.w.e.tomcat.TomcatWebServer [36mo.s.b.w.e.t.TomcatWebServer[0;39m [32minitialize[0;39m 
 Tomcat initialized with port 9000 (http) 
[2025-01-01 00:14:45:1102][main] [32m INFO[0;39m o.a.coyote.http11.Http11NioProtocol [36mo.a.c.h.Http11NioProtocol[0;39m [32mlog[0;39m 
 Initializing ProtocolHandler ["http-nio-9000"] 
[2025-01-01 00:14:45:1103][main] [32m INFO[0;39m o.a.catalina.core.StandardService [36mo.a.c.c.StandardService[0;39m [32mlog[0;39m 
 Starting service [Tomcat] 
[2025-01-01 00:14:45:1103][main] [32m INFO[0;39m o.a.catalina.core.StandardEngine [36mo.a.c.c.StandardEngine[0;39m [32mlog[0;39m 
 Starting Servlet engine: [Apache Tomcat/10.1.34] 
[2025-01-01 00:14:45:1123][main] [32m INFO[0;39m o.a.c.c.C.[Tomcat].[localhost].[/] [36mo.a.c.c.C.[.[.[/][0;39m [32mlog[0;39m 
 Initializing Spring embedded WebApplicationContext 
[2025-01-01 00:14:45:1123][main] [32m INFO[0;39m o.s.b.w.s.c.ServletWebServerApplicationContext [36mo.s.b.w.s.c.ServletWebServerApplicationContext[0;39m [32mprepareWebApplicationContext[0;39m 
 Root WebApplicationContext: initialization completed in 874 ms 
[2025-01-01 00:14:45:1217][main] [31mERROR[0;39m o.s.b.w.e.tomcat.TomcatStarter [36mo.s.b.w.e.t.TomcatStarter[0;39m [32monStartup[0;39m 
 Error starting Tomcat context. Exception: org.springframework.beans.factory.BeanCreationException. Message: Error creating bean with name 'loginFilter' defined in class path resource [com/fcm/simpleblog/config/security/SecurityConfig.class]: authenticationManager must be specified 
[2025-01-01 00:14:45:1226][main] [32m INFO[0;39m o.a.catalina.core.StandardService [36mo.a.c.c.StandardService[0;39m [32mlog[0;39m 
 Stopping service [Tomcat] 
[2025-01-01 00:14:45:1230][main] [33m WARN[0;39m o.s.b.w.s.c.AnnotationConfigServletWebServerApplicationContext [36mo.s.b.w.s.c.AnnotationConfigServletWebServerApplicationContext[0;39m [32mrefresh[0;39m 
 Exception encountered during context initialization - cancelling refresh attempt: org.springframework.context.ApplicationContextException: Unable to start web server 
[2025-01-01 00:14:45:1236][main] [32m INFO[0;39m o.s.b.a.l.ConditionEvaluationReportLogger [36mo.s.b.a.l.ConditionEvaluationReportLogger[0;39m [32mlogMessage[0;39m 
 

Error starting ApplicationContext. To display the condition evaluation report re-run your application with 'debug' enabled. 
[2025-01-01 00:14:45:1243][main] [31mERROR[0;39m o.s.boot.SpringApplication [36mo.s.b.SpringApplication[0;39m [32mreportFailure[0;39m 
 Application run failed 
org.springframework.context.ApplicationContextException: Unable to start web server
	at org.springframework.boot.web.servlet.context.ServletWebServerApplicationContext.onRefresh(ServletWebServerApplicationContext.java:165)
	at org.springframework.context.support.AbstractApplicationContext.refresh(AbstractApplicationContext.java:621)
	at org.springframework.boot.web.servlet.context.ServletWebServerApplicationContext.refresh(ServletWebServerApplicationContext.java:146)
	at org.springframework.boot.SpringApplication.refresh(SpringApplication.java:752)
	at org.springframework.boot.SpringApplication.refreshContext(SpringApplication.java:439)
	at org.springframework.boot.SpringApplication.run(SpringApplication.java:318)
	at org.springframework.boot.SpringApplication.run(SpringApplication.java:1361)
	at org.springframework.boot.SpringApplication.run(SpringApplication.java:1350)
	at com.fcm.simpleblog.SimpleBlogApplicationKt.main(SimpleBlogApplication.kt:20)
Caused by: org.springframework.boot.web.server.WebServerException: Unable to start embedded Tomcat
	at org.springframework.boot.web.embedded.tomcat.TomcatWebServer.initialize(TomcatWebServer.java:147)
	at org.springframework.boot.web.embedded.tomcat.TomcatWebServer.<init>(TomcatWebServer.java:107)
	at org.springframework.boot.web.embedded.tomcat.TomcatServletWebServerFactory.getTomcatWebServer(TomcatServletWebServerFactory.java:516)
	at org.springframework.boot.web.embedded.tomcat.TomcatServletWebServerFactory.getWebServer(TomcatServletWebServerFactory.java:222)
	at org.springframework.boot.web.servlet.context.ServletWebServerApplicationContext.createWebServer(ServletWebServerApplicationContext.java:188)
	at org.springframework.boot.web.servlet.context.ServletWebServerApplicationContext.onRefresh(ServletWebServerApplicationContext.java:162)
	... 8 common frames omitted
Caused by: org.springframework.beans.factory.BeanCreationException: Error creating bean with name 'loginFilter' defined in class path resource [com/fcm/simpleblog/config/security/SecurityConfig.class]: authenticationManager must be specified
	at org.springframework.beans.factory.support.AbstractAutowireCapableBeanFactory.initializeBean(AbstractAutowireCapableBeanFactory.java:1808)
	at org.springframework.beans.factory.support.AbstractAutowireCapableBeanFactory.doCreateBean(AbstractAutowireCapableBeanFactory.java:601)
	at org.springframework.beans.factory.support.AbstractAutowireCapableBeanFactory.createBean(AbstractAutowireCapableBeanFactory.java:523)
	at org.springframework.beans.factory.support.AbstractBeanFactory.lambda$doGetBean$0(AbstractBeanFactory.java:336)
	at org.springframework.beans.factory.support.DefaultSingletonBeanRegistry.getSingleton(DefaultSingletonBeanRegistry.java:289)
	at org.springframework.beans.factory.support.AbstractBeanFactory.doGetBean(AbstractBeanFactory.java:334)
	at org.springframework.beans.factory.support.AbstractBeanFactory.getBean(AbstractBeanFactory.java:204)
	at org.springframework.boot.web.servlet.ServletContextInitializerBeans.getOrderedBeansOfType(ServletContextInitializerBeans.java:211)
	at org.springframework.boot.web.servlet.ServletContextInitializerBeans.addAsRegistrationBean(ServletContextInitializerBeans.java:174)
	at org.springframework.boot.web.servlet.ServletContextInitializerBeans.addAsRegistrationBean(ServletContextInitializerBeans.java:169)
	at org.springframework.boot.web.servlet.ServletContextInitializerBeans.addAdaptableBeans(ServletContextInitializerBeans.java:154)
	at org.springframework.boot.web.servlet.ServletContextInitializerBeans.<init>(ServletContextInitializerBeans.java:87)
	at org.springframework.boot.web.servlet.context.ServletWebServerApplicationContext.getServletContextInitializerBeans(ServletWebServerApplicationContext.java:266)
	at org.springframework.boot.web.servlet.context.ServletWebServerApplicationContext.selfInitialize(ServletWebServerApplicationContext.java:240)
	at org.springframework.boot.web.embedded.tomcat.TomcatStarter.onStartup(TomcatStarter.java:52)
	at org.apache.catalina.core.StandardContext.startInternal(StandardContext.java:4426)
	at org.apache.catalina.util.LifecycleBase.start(LifecycleBase.java:164)
	at org.apache.catalina.core.ContainerBase$StartChild.call(ContainerBase.java:1203)
	at org.apache.catalina.core.ContainerBase$StartChild.call(ContainerBase.java:1193)
	at java.base/java.util.concurrent.FutureTask.run(FutureTask.java:317)
	at org.apache.tomcat.util.threads.InlineExecutorService.execute(InlineExecutorService.java:75)
	at java.base/java.util.concurrent.AbstractExecutorService.submit(AbstractExecutorService.java:145)
	at org.apache.catalina.core.ContainerBase.startInternal(ContainerBase.java:749)
	at org.apache.catalina.core.StandardHost.startInternal(StandardHost.java:772)
	at org.apache.catalina.util.LifecycleBase.start(LifecycleBase.java:164)
	at org.apache.catalina.core.ContainerBase$StartChild.call(ContainerBase.java:1203)
	at org.apache.catalina.core.ContainerBase$StartChild.call(ContainerBase.java:1193)
	at java.base/java.util.concurrent.FutureTask.run(FutureTask.java:317)
	at org.apache.tomcat.util.threads.InlineExecutorService.execute(InlineExecutorService.java:75)
	at java.base/java.util.concurrent.AbstractExecutorService.submit(AbstractExecutorService.java:145)
	at org.apache.catalina.core.ContainerBase.startInternal(ContainerBase.java:749)
	at org.apache.catalina.core.StandardEngine.startInternal(StandardEngine.java:203)
	at org.apache.catalina.util.LifecycleBase.start(LifecycleBase.java:164)
	at org.apache.catalina.core.StandardService.startInternal(StandardService.java:415)
	at org.apache.catalina.util.LifecycleBase.start(LifecycleBase.java:164)
	at org.apache.catalina.core.StandardServer.startInternal(StandardServer.java:870)
	at org.apache.catalina.util.LifecycleBase.start(LifecycleBase.java:164)
	at org.apache.catalina.startup.Tomcat.start(Tomcat.java:437)
	at org.springframework.boot.web.embedded.tomcat.TomcatWebServer.initialize(TomcatWebServer.java:128)
	... 13 common frames omitted
Caused by: java.lang.IllegalArgumentException: authenticationManager must be specified
	at org.springframework.util.Assert.notNull(Assert.java:181)
	at org.springframework.security.web.authentication.AbstractAuthenticationProcessingFilter.afterPropertiesSet(AbstractAuthenticationProcessingFilter.java:191)
	at org.springframework.beans.factory.support.AbstractAutowireCapableBeanFactory.invokeInitMethods(AbstractAutowireCapableBeanFactory.java:1855)
	at org.springframework.beans.factory.support.AbstractAutowireCapableBeanFactory.initializeBean(AbstractAutowireCapableBeanFactory.java:1804)
	... 51 common frames omitted
[2025-01-01 00:16:30:208][background-preinit] [32m INFO[0;39m o.h.validator.internal.util.Version [36mo.h.v.i.u.Version[0;39m [32m<clinit>[0;39m 
 HV000001: Hibernate Validator 8.0.2.Final 
[2025-01-01 00:16:30:222][main] [32m INFO[0;39m c.f.s.SimpleBlogApplicationKt [36mc.f.s.SimpleBlogApplicationKt[0;39m [32mlogStarting[0;39m 
 Starting SimpleBlogApplicationKt using Java 21.0.3 with PID 26144 (/Users/hyeon/developer/kotlinStudy/simple-blog/build/classes/kotlin/main started by hyeon in /Users/hyeon/developer/kotlinStudy/simple-blog) 
[2025-01-01 00:16:30:222][main] [32m INFO[0;39m c.f.s.SimpleBlogApplicationKt [36mc.f.s.SimpleBlogApplicationKt[0;39m [32mlogStartupProfileInfo[0;39m 
 No active profile set, falling back to 1 default profile: "default" 
[2025-01-01 00:16:31:673][main] [32m INFO[0;39m o.s.d.r.c.RepositoryConfigurationDelegate [36mo.s.d.r.c.RepositoryConfigurationDelegate[0;39m [32mregisterRepositoriesIn[0;39m 
 Bootstrapping Spring Data JPA repositories in DEFAULT mode. 
[2025-01-01 00:16:31:745][main] [32m INFO[0;39m o.s.d.r.c.RepositoryConfigurationDelegate [36mo.s.d.r.c.RepositoryConfigurationDelegate[0;39m [32mregisterRepositoriesIn[0;39m 
 Finished Spring Data repository scanning in 68 ms. Found 3 JPA repository interfaces. 
[2025-01-01 00:16:31:1074][main] [32m INFO[0;39m o.s.b.w.e.tomcat.TomcatWebServer [36mo.s.b.w.e.t.TomcatWebServer[0;39m [32minitialize[0;39m 
 Tomcat initialized with port 9000 (http) 
[2025-01-01 00:16:31:1079][main] [32m INFO[0;39m o.a.coyote.http11.Http11NioProtocol [36mo.a.c.h.Http11NioProtocol[0;39m [32mlog[0;39m 
 Initializing ProtocolHandler ["http-nio-9000"] 
[2025-01-01 00:16:31:1079][main] [32m INFO[0;39m o.a.catalina.core.StandardService [36mo.a.c.c.StandardService[0;39m [32mlog[0;39m 
 Starting service [Tomcat] 
[2025-01-01 00:16:31:1079][main] [32m INFO[0;39m o.a.catalina.core.StandardEngine [36mo.a.c.c.StandardEngine[0;39m [32mlog[0;39m 
 Starting Servlet engine: [Apache Tomcat/10.1.34] 
[2025-01-01 00:16:31:1098][main] [32m INFO[0;39m o.a.c.c.C.[Tomcat].[localhost].[/] [36mo.a.c.c.C.[.[.[/][0;39m [32mlog[0;39m 
 Initializing Spring embedded WebApplicationContext 
[2025-01-01 00:16:31:1098][main] [32m INFO[0;39m o.s.b.w.s.c.ServletWebServerApplicationContext [36mo.s.b.w.s.c.ServletWebServerApplicationContext[0;39m [32mprepareWebApplicationContext[0;39m 
 Root WebApplicationContext: initialization completed in 860 ms 
[2025-01-01 00:16:31:1265][main] [32m INFO[0;39m o.h.jpa.internal.util.LogHelper [36mo.h.j.i.u.LogHelper[0;39m [32mlogPersistenceUnitInformation[0;39m 
 HHH000204: Processing PersistenceUnitInfo [name: default] 
[2025-01-01 00:16:31:1296][main] [32m INFO[0;39m org.hibernate.Version [36mo.h.Version[0;39m [32mlogVersion[0;39m 
 HHH000412: Hibernate ORM core version 6.6.4.Final 
[2025-01-01 00:16:31:1311][main] [32m INFO[0;39m o.h.c.i.RegionFactoryInitiator [36mo.h.c.i.RegionFactoryInitiator[0;39m [32minitiateService[0;39m 
 HHH000026: Second-level cache disabled 
[2025-01-01 00:16:31:1429][main] [32m INFO[0;39m o.s.o.j.p.SpringPersistenceUnitInfo [36mo.s.o.j.p.SpringPersistenceUnitInfo[0;39m [32maddTransformer[0;39m 
 No LoadTimeWeaver setup: ignoring JPA class transformer 
[2025-01-01 00:16:31:1441][main] [32m INFO[0;39m com.zaxxer.hikari.HikariDataSource [36mc.z.h.HikariDataSource[0;39m [32mgetConnection[0;39m 
 HikariPool-1 - Starting... 
[2025-01-01 00:16:31:1466][main] [32m INFO[0;39m com.zaxxer.hikari.pool.HikariPool [36mc.z.h.p.HikariPool[0;39m [32mcheckFailFast[0;39m 
 HikariPool-1 - Added connection org.mariadb.jdbc.Connection@589d831e 
[2025-01-01 00:16:31:1467][main] [32m INFO[0;39m com.zaxxer.hikari.HikariDataSource [36mc.z.h.HikariDataSource[0;39m [32mgetConnection[0;39m 
 HikariPool-1 - Start completed. 
[2025-01-01 00:16:31:1489][main] [32m INFO[0;39m o.hibernate.orm.connections.pooling [36mo.h.o.c.pooling[0;39m [32minitiateService[0;39m 
 HHH10001005: Database info:
	Database JDBC URL [Connecting through datasource 'HikariDataSource (HikariPool-1)']
	Database driver: undefined/unknown
	Database version: 11.6.2
	Autocommit mode: undefined/unknown
	Isolation level: undefined/unknown
	Minimum pool size: undefined/unknown
	Maximum pool size: undefined/unknown 
[2025-01-01 00:16:32:1837][main] [32m INFO[0;39m o.h.e.t.j.p.i.JtaPlatformInitiator [36mo.h.e.t.j.p.i.JtaPlatformInitiator[0;39m [32minitiateService[0;39m 
 HHH000489: No JTA platform available (set 'hibernate.transaction.jta.platform' to enable JTA platform integration) 
[2025-01-01 00:16:32:1856][main] [32m INFO[0;39m o.s.o.j.LocalContainerEntityManagerFactoryBean [36mo.s.o.j.LocalContainerEntityManagerFactoryBean[0;39m [32mbuildNativeEntityManagerFactory[0;39m 
 Initialized JPA EntityManagerFactory for persistence unit 'default' 
[2025-01-01 00:16:32:2478][main] [32m INFO[0;39m o.s.b.a.e.web.EndpointLinksResolver [36mo.s.b.a.e.w.EndpointLinksResolver[0;39m [32m<init>[0;39m 
 Exposing 1 endpoint beneath base path '/actuator' 
[2025-01-01 00:16:32:2507][main] [33m WARN[0;39m o.s.s.c.a.web.builders.WebSecurity [36mo.s.s.c.a.w.b.WebSecurity[0;39m [32mperformBuild[0;39m 
 

********************************************************************
**********        Security debugging is enabled.       *************
**********    This may include sensitive information.  *************
**********      Do not use in a production system!     *************
********************************************************************

 
[2025-01-01 00:16:33:2764][main] [32m INFO[0;39m o.a.coyote.http11.Http11NioProtocol [36mo.a.c.h.Http11NioProtocol[0;39m [32mlog[0;39m 
 Starting ProtocolHandler ["http-nio-9000"] 
[2025-01-01 00:16:33:2770][main] [32m INFO[0;39m o.s.b.w.e.tomcat.TomcatWebServer [36mo.s.b.w.e.t.TomcatWebServer[0;39m [32mstart[0;39m 
 Tomcat started on port 9000 (http) with context path '/' 
[2025-01-01 00:16:33:2777][main] [32m INFO[0;39m c.f.s.SimpleBlogApplicationKt [36mc.f.s.SimpleBlogApplicationKt[0;39m [32mlogStarted[0;39m 
 Started SimpleBlogApplicationKt in 2.731 seconds (process running for 2.966) 
[2025-01-01 00:16:33:2957][RMI TCP Connection(1)-127.0.0.1] [32m INFO[0;39m o.a.c.c.C.[Tomcat].[localhost].[/] [36mo.a.c.c.C.[.[.[/][0;39m [32mlog[0;39m 
 Initializing Spring DispatcherServlet 'dispatcherServlet' 
[2025-01-01 00:16:33:2957][RMI TCP Connection(1)-127.0.0.1] [32m INFO[0;39m o.s.web.servlet.DispatcherServlet [36mo.s.w.s.DispatcherServlet[0;39m [32minitServletBean[0;39m 
 Initializing Servlet 'dispatcherServlet' 
[2025-01-01 00:16:33:2959][RMI TCP Connection(1)-127.0.0.1] [32m INFO[0;39m o.s.web.servlet.DispatcherServlet [36mo.s.w.s.DispatcherServlet[0;39m [32minitServletBean[0;39m 
 Completed initialization in 2 ms 
[2025-01-01 00:16:36:6153][SpringApplicationShutdownHook] [32m INFO[0;39m o.s.b.w.e.tomcat.GracefulShutdown [36mo.s.b.w.e.t.GracefulShutdown[0;39m [32mshutDownGracefully[0;39m 
 Commencing graceful shutdown. Waiting for active requests to complete 
[2025-01-01 00:16:36:6157][tomcat-shutdown] [32m INFO[0;39m o.s.b.w.e.tomcat.GracefulShutdown [36mo.s.b.w.e.t.GracefulShutdown[0;39m [32mdoShutdown[0;39m 
 Graceful shutdown complete 
[2025-01-01 00:16:36:6172][SpringApplicationShutdownHook] [32m INFO[0;39m o.s.o.j.LocalContainerEntityManagerFactoryBean [36mo.s.o.j.LocalContainerEntityManagerFactoryBean[0;39m [32mdestroy[0;39m 
 Closing JPA EntityManagerFactory for persistence unit 'default' 
[2025-01-01 00:16:36:6173][SpringApplicationShutdownHook] [32m INFO[0;39m com.zaxxer.hikari.HikariDataSource [36mc.z.h.HikariDataSource[0;39m [32mclose[0;39m 
 HikariPool-1 - Shutdown initiated... 
[2025-01-01 00:16:36:6175][SpringApplicationShutdownHook] [32m INFO[0;39m com.zaxxer.hikari.HikariDataSource [36mc.z.h.HikariDataSource[0;39m [32mclose[0;39m 
 HikariPool-1 - Shutdown completed. 
